spidoosho@MSI:/mnt/c/Users/Hoang/Desktop/mff/nswi154/06-tests/06-tests$ mvn test
[INFO] Scanning for projects...
[WARNING] 
[WARNING] Some problems were encountered while building the effective model for mff.tuan:06-tests:jar:1.0
[WARNING] 'dependencies.dependency.version' for org.junit.jupiter:junit-jupiter:jar is either LATEST or RELEASE (both of them are being deprecated) @ line 31, column 16
[WARNING]
[WARNING] It is highly recommended to fix these problems because they threaten the stability of your build.
[WARNING]
[WARNING] For this reason, future Maven versions might no longer support building such malformed projects.
[WARNING]
[INFO]
[INFO] -------------------------< mff.tuan:06-tests >--------------------------
[INFO] Building 06-tests 1.0
[INFO] --------------------------------[ jar ]---------------------------------
[INFO] 
[INFO] --- maven-resources-plugin:3.0.2:resources (default-resources) @ 06-tests ---
[INFO] Using 'UTF-8' encoding to copy filtered resources.
[INFO] skip non existing resourceDirectory /mnt/c/Users/Hoang/Desktop/mff/nswi154/06-tests/06-tests/src/main/resources
[INFO]
[INFO] --- maven-compiler-plugin:3.8.0:compile (default-compile) @ 06-tests ---
[INFO] Nothing to compile - all classes are up to date
[INFO]
[INFO] --- maven-resources-plugin:3.0.2:testResources (default-testResources) @ 06-tests ---
[INFO] Using 'UTF-8' encoding to copy filtered resources.
[INFO] skip non existing resourceDirectory /mnt/c/Users/Hoang/Desktop/mff/nswi154/06-tests/06-tests/src/test/resources
[INFO]
[INFO] --- maven-compiler-plugin:3.8.0:testCompile (default-testCompile) @ 06-tests ---
[INFO] Changes detected - recompiling the module!
[INFO] Compiling 3 source files to /mnt/c/Users/Hoang/Desktop/mff/nswi154/06-tests/06-tests/target/test-classes
[INFO] 
[INFO] --- maven-surefire-plugin:2.22.1:test (default-test) @ 06-tests ---
[INFO] 
[INFO] -------------------------------------------------------
[INFO]  T E S T S
[INFO] -------------------------------------------------------
[INFO] Running mff.tuan.SimpleDateFormatTest
[INFO] Tests run: 13, Failures: 0, Errors: 0, Skipped: 0, Time elapsed: 0.214 s - in mff.tuan.SimpleDateFormatTest
[INFO] Running mff.tuan.StatisticsTest
[INFO] Tests run: 4, Failures: 0, Errors: 0, Skipped: 0, Time elapsed: 0.012 s - in mff.tuan.StatisticsTest
[INFO] Running mff.tuan.TreeMapTest
[INFO] Tests run: 6, Failures: 0, Errors: 0, Skipped: 0, Time elapsed: 0.001 s - in mff.tuan.TreeMapTest
[INFO] 
[INFO] Results:
[INFO]
[INFO] Tests run: 23, Failures: 0, Errors: 0, Skipped: 0
[INFO]
[INFO] ------------------------------------------------------------------------
[INFO] BUILD SUCCESS
[INFO] ------------------------------------------------------------------------
[INFO] Total time:  2.762 s
[INFO] Finished at: 2024-03-26T20:00:19+01:00
[INFO] ------------------------------------------------------------------------
spidoosho@MSI:/mnt/c/Users/Hoang/Desktop/mff/nswi154/06-tests/06-tests$ mvn test
[INFO] Scanning for projects...
[WARNING] 
[WARNING] Some problems were encountered while building the effective model for mff.tuan:06-tests:jar:1.0
[WARNING] 'dependencies.dependency.version' for org.junit.jupiter:junit-jupiter:jar is either LATEST or RELEASE (both of them are being deprecated) @ line 31, column 16
[WARNING]
[WARNING] It is highly recommended to fix these problems because they threaten the stability of your build.
[WARNING]
[WARNING] For this reason, future Maven versions might no longer support building such malformed projects.
[WARNING]
[INFO]
[INFO] -------------------------< mff.tuan:06-tests >--------------------------
[INFO] Building 06-tests 1.0
[INFO] --------------------------------[ jar ]---------------------------------
[INFO]
[INFO] --- maven-resources-plugin:3.0.2:resources (default-resources) @ 06-tests ---
[INFO] Using 'UTF-8' encoding to copy filtered resources.
[INFO] skip non existing resourceDirectory /mnt/c/Users/Hoang/Desktop/mff/nswi154/06-tests/06-tests/src/main/resources
[INFO]
[INFO] --- maven-compiler-plugin:3.8.0:compile (default-compile) @ 06-tests ---
[INFO] Nothing to compile - all classes are up to date
[INFO]
[INFO] --- maven-resources-plugin:3.0.2:testResources (default-testResources) @ 06-tests ---
[INFO] Using 'UTF-8' encoding to copy filtered resources.
[INFO] skip non existing resourceDirectory /mnt/c/Users/Hoang/Desktop/mff/nswi154/06-tests/06-tests/src/test/resources
[INFO]
[INFO] --- maven-compiler-plugin:3.8.0:testCompile (default-testCompile) @ 06-tests ---
[INFO] Changes detected - recompiling the module!
[INFO] Compiling 3 source files to /mnt/c/Users/Hoang/Desktop/mff/nswi154/06-tests/06-tests/target/test-classes
[INFO]
[INFO] --- maven-surefire-plugin:2.22.1:test (default-test) @ 06-tests ---
[INFO] 
[INFO] -------------------------------------------------------
[INFO]  T E S T S
[INFO] -------------------------------------------------------
[INFO] Running mff.tuan.SimpleDateFormatTest
[INFO] Tests run: 13, Failures: 0, Errors: 0, Skipped: 0, Time elapsed: 0.279 s - in mff.tuan.SimpleDateFormatTest
[INFO] Running mff.tuan.StatisticsTest
[INFO] Tests run: 4, Failures: 0, Errors: 0, Skipped: 0, Time elapsed: 0.015 s - in mff.tuan.StatisticsTest
[INFO] Running mff.tuan.TreeMapTest
[ERROR] Tests run: 7, Failures: 1, Errors: 0, Skipped: 0, Time elapsed: 0.02 s <<< FAILURE! - in mff.tuan.TreeMapTest
[ERROR] failKeyValueNotInMap  Time elapsed: 0.013 s  <<< FAILURE!
org.opentest4j.AssertionFailedError: expected: <null> but was: <4>
        at mff.tuan.TreeMapTest.failKeyValueNotInMap(TreeMapTest.java:76)

[INFO] 
[INFO] Results:
[INFO] 
[ERROR] Failures: 
[ERROR]   TreeMapTest.failKeyValueNotInMap:76 expected: <null> but was: <4>
[INFO] 
[ERROR] Tests run: 24, Failures: 1, Errors: 0, Skipped: 0
[INFO] 
[INFO] ------------------------------------------------------------------------
[INFO] BUILD FAILURE
[INFO] ------------------------------------------------------------------------
[INFO] Total time:  3.251 s
[INFO] Finished at: 2024-03-26T20:00:38+01:00
[INFO] ------------------------------------------------------------------------
[ERROR] Failed to execute goal org.apache.maven.plugins:maven-surefire-plugin:2.22.1:test (default-test) on project 06-tests: There are test failures.
[ERROR]
[ERROR] Please refer to /mnt/c/Users/Hoang/Desktop/mff/nswi154/06-tests/06-tests/target/surefire-reports for the individual test results.
[ERROR] Please refer to dump files (if any exist) [date].dump, [date]-jvmRun[N].dump and [date].dumpstream.
[ERROR] -> [Help 1]
[ERROR]
[ERROR] To see the full stack trace of the errors, re-run Maven with the -e switch.
[ERROR] Re-run Maven using the -X switch to enable full debug logging.
[ERROR]
[ERROR] For more information about the errors and possible solutions, please read the following articles:
[ERROR] [Help 1] http://cwiki.apache.org/confluence/display/MAVEN/MojoFailureException